<?xml version="1.0" encoding="UTF-8"?>
<testsuite name="WalletTest" tests="3" skipped="0" failures="0" errors="0" timestamp="2021-03-30T09:59:49" hostname="veda-ThinkPad-E470" time="0.062">
  <properties/>
  <testcase name="test1XDollarIsEqualTo74_85XRupees()" classname="WalletTest" time="0.052"/>
  <testcase name="test1DollarIsEqualTo74_85Rupees()" classname="WalletTest" time="0.002"/>
  <testcase name="testForReturningTotalBalanceWhenPreferredCurrencyIsRupees()" classname="WalletTest" time="0.003"/>
  <system-out><![CDATA[]]></system-out>
  <system-err><![CDATA[]]></system-err>
</testsuite>
